TN:
SF:math.js
FN:1,add
FN:5,subtract
FN:9,multiply
FN:14,divide
FNF:4
FNH:4
FNDA:1,add
FNDA:1,subtract
FNDA:1,multiply
FNDA:2,divide
DA:2,1
DA:6,1
DA:10,1
DA:15,2
DA:16,1
DA:19,1
LF:6
LH:6
BRDA:15,0,0,1
BRDA:15,0,1,1
BRF:2
BRH:2
end_of_record
TN:
SF:controllers/authController.js
FN:5,(anonymous_0)
FN:22,(anonymous_1)
FNF:2
FNH:2
FNDA:1,(anonymous_0)
FNDA:1,(anonymous_1)
DA:2,2
DA:3,2
DA:5,2
DA:6,1
DA:7,1
DA:8,1
DA:9,1
DA:10,0
DA:13,1
DA:14,1
DA:15,1
DA:17,0
DA:22,2
DA:23,1
DA:24,1
DA:26,1
DA:27,1
DA:28,0
DA:29,0
DA:31,1
DA:33,1
DA:34,1
DA:35,0
DA:36,0
DA:38,1
DA:40,1
DA:45,1
DA:46,1
DA:48,0
DA:49,0
LF:30
LH:22
BRDA:9,0,0,0
BRDA:9,0,1,1
BRDA:27,1,0,0
BRDA:27,1,1,1
BRDA:34,2,0,0
BRDA:34,2,1,1
BRF:6
BRH:3
end_of_record
TN:
SF:models/User.js
FN:9,(anonymous_0)
FN:19,(anonymous_1)
FNF:2
FNH:0
FNDA:0,(anonymous_0)
FNDA:0,(anonymous_1)
DA:1,2
DA:2,2
DA:4,2
DA:9,2
DA:10,0
DA:11,0
DA:12,0
DA:13,0
DA:14,0
DA:15,0
DA:16,0
DA:19,2
DA:20,0
DA:23,2
DA:24,2
LF:15
LH:7
BRDA:10,0,0,0
BRDA:10,0,1,0
BRF:2
BRH:0
end_of_record
